  Application.cpp
  AssetManager.cpp
D:\year2_1\DT230\GameProject\GameProject01_2020\SrandEngine\SrandEngine\Source\AssetManager.cpp(102,20): warning C4018: '<': signed/unsigned mismatch
  Engine.cpp
  Shader.cpp
  TestMain.cpp
D:\year2_1\DT230\GameProject\GameProject01_2020\SrandEngine\SrandEngine\Source\GameObject.h(60,35): warning C4244: 'argument': conversion from '_Ty' to 'float', possible loss of data
          with
          [
              _Ty=int
          ]
D:\year2_1\DT230\GameProject\GameProject01_2020\SrandEngine\SrandEngine\Source\GameObject.h(15): message : see reference to function template instantiation 'T &GameObject::AddComponent<Transform,int,int>(int &&,int &&)' being compiled
          with
          [
              T=Transform
          ]
  Vertex.cpp
  Generating Code...
LINK : warning LNK4098: defaultlib 'MSVCRT' conflicts with use of other libs; use /NODEFAULTLIB:library
SOIL.lib(image_DXT.obj) : warning LNK4099: PDB 'vc120.pdb' was not found with 'SOIL.lib(image_DXT.obj)' or at 'D:\year2_1\DT230\GameProject\GameProject01_2020\SrandEngine\Debug\vc120.pdb'; linking object as if no debug info
SOIL.lib(image_helper.obj) : warning LNK4099: PDB 'vc120.pdb' was not found with 'SOIL.lib(image_helper.obj)' or at 'D:\year2_1\DT230\GameProject\GameProject01_2020\SrandEngine\Debug\vc120.pdb'; linking object as if no debug info
SOIL.lib(SOIL.obj) : warning LNK4099: PDB 'vc120.pdb' was not found with 'SOIL.lib(SOIL.obj)' or at 'D:\year2_1\DT230\GameProject\GameProject01_2020\SrandEngine\Debug\vc120.pdb'; linking object as if no debug info
SOIL.lib(stb_image_aug.obj) : warning LNK4099: PDB 'vc120.pdb' was not found with 'SOIL.lib(stb_image_aug.obj)' or at 'D:\year2_1\DT230\GameProject\GameProject01_2020\SrandEngine\Debug\vc120.pdb'; linking object as if no debug info
  SrandEngine.vcxproj -> D:\year2_1\DT230\GameProject\GameProject01_2020\SrandEngine\Debug\SrandEngine.exe
