d:\projects\project\gameproject01_2020\srandengine\srandengine\debug\vc142.pdb
d:\projects\project\gameproject01_2020\srandengine\srandengine\debug\vc142.idb
d:\projects\project\gameproject01_2020\srandengine\srandengine\debug\vertex.obj
d:\projects\project\gameproject01_2020\srandengine\srandengine\debug\engine.obj
d:\projects\project\gameproject01_2020\srandengine\srandengine\debug\assetmanager.obj
d:\projects\project\gameproject01_2020\srandengine\srandengine\debug\application.obj
d:\projects\project\gameproject01_2020\srandengine\debug\srandengine.exe
d:\projects\project\gameproject01_2020\srandengine\debug\srandengine.ilk
d:\projects\project\gameproject01_2020\srandengine\debug\srandengine.pdb
d:\year2_1\dt230\gameproject\gameproject01_2020\srandengine\srandengine\debug\application.obj
d:\year2_1\dt230\gameproject\gameproject01_2020\srandengine\srandengine\debug\assetmanager.obj
d:\year2_1\dt230\gameproject\gameproject01_2020\srandengine\srandengine\debug\engine.obj
d:\year2_1\dt230\gameproject\gameproject01_2020\srandengine\srandengine\debug\vertex.obj
d:\year2_1\dt230\gameproject\gameproject01_2020\srandengine\srandengine\debug\vc142.idb
d:\year2_1\dt230\gameproject\gameproject01_2020\srandengine\srandengine\debug\vc142.pdb
d:\year2_1\dt230\gameproject\gameproject01_2020\srandengine\debug\srandengine.pdb
d:\year2_1\dt230\gameproject\gameproject01_2020\srandengine\debug\srandengine.exe
d:\year2_1\dt230\gameproject\gameproject01_2020\srandengine\debug\srandengine.ilk
d:\year2_1\dt230\gameproject\gameproject01_2020\srandengine\srandengine\debug\srandengine.tlog\cl.command.1.tlog
d:\year2_1\dt230\gameproject\gameproject01_2020\srandengine\srandengine\debug\srandengine.tlog\cl.read.1.tlog
d:\year2_1\dt230\gameproject\gameproject01_2020\srandengine\srandengine\debug\srandengine.tlog\cl.write.1.tlog
d:\year2_1\dt230\gameproject\gameproject01_2020\srandengine\srandengine\debug\srandengine.tlog\link.command.1.tlog
d:\year2_1\dt230\gameproject\gameproject01_2020\srandengine\srandengine\debug\srandengine.tlog\link.read.1.tlog
d:\year2_1\dt230\gameproject\gameproject01_2020\srandengine\srandengine\debug\srandengine.tlog\link.write.1.tlog
